{"uid":"23467961361bbc35","name":"Creation of the insurance record with provider 'Santalucía Vida' and validation it in Salesforce","fullName":"com.itechart.tests.AciertoTest.aciertoTestCreditAndorraLifeVidaValidation","historyId":"22793e41aa96499d77c5d21ae13e3eb","time":{"start":1675956119535,"stop":1675956149632,"duration":30097},"status":"broken","statusMessage":"timeout: Timed out receiving message from renderer: -0.002\n  (Session info: headless chrome=109.0.5414.119)\nBuild info: version: '4.6.0', revision: '79f1c02ae20'\nSystem info: os.name: 'Linux', os.arch: 'amd64', os.version: '5.15.0-1031-azure', java.version: '11.0.18'\nDriver info: org.openqa.selenium.chrome.ChromeDriver\nCommand: [585afff93989bcb03bbca4f2913be9f2, get {url=https://stg.acierto.com/seguros-vida/comparador/}]\nselenide.url: https://stg.acierto.com/seguros-vida/comparador/\nCapabilities {acceptInsecureCerts: true, browserName: chrome, browserVersion: 109.0.5414.119, chrome: {chromedriverVersion: 109.0.5414.74 (e7c5703604da..., userDataDir: /tmp/.com.google.Chrome.BVt72K}, goog:chromeOptions: {debuggerAddress: localhost:43515}, networkConnectionEnabled: false, pageLoadStrategy: normal, platformName: LINUX, proxy: Proxy(), se:cdp: ws://localhost:43515/devtoo..., se:cdpVersion: 109.0.5414.119, setWindowRect: true, strictFileInteractability: false, timeouts: {implicit: 0, pageLoad: 300000, script: 30000}, unhandledPromptBehavior: accept, webauthn:extension:credBlob: true, webauthn:extension:largeBlob: true, webauthn:virtualAuthenticators: true}\nselenide.baseUrl: https://bauerocp--staging.sandbox.my.salesforce.com/\nSession ID: 585afff93989bcb03bbca4f2913be9f2","statusTrace":"org.openqa.selenium.TimeoutException: timeout: Timed out receiving message from renderer: -0.002\n  (Session info: headless chrome=109.0.5414.119)\nBuild info: version: '4.6.0', revision: '79f1c02ae20'\nSystem info: os.name: 'Linux', os.arch: 'amd64', os.version: '5.15.0-1031-azure', java.version: '11.0.18'\nDriver info: org.openqa.selenium.chrome.ChromeDriver\nCommand: [585afff93989bcb03bbca4f2913be9f2, get {url=https://stg.acierto.com/seguros-vida/comparador/}]\nselenide.url: https://stg.acierto.com/seguros-vida/comparador/\nCapabilities {acceptInsecureCerts: true, browserName: chrome, browserVersion: 109.0.5414.119, chrome: {chromedriverVersion: 109.0.5414.74 (e7c5703604da..., userDataDir: /tmp/.com.google.Chrome.BVt72K}, goog:chromeOptions: {debuggerAddress: localhost:43515}, networkConnectionEnabled: false, pageLoadStrategy: normal, platformName: LINUX, proxy: Proxy(), se:cdp: ws://localhost:43515/devtoo..., se:cdpVersion: 109.0.5414.119, setWindowRect: true, strictFileInteractability: false, timeouts: {implicit: 0, pageLoad: 300000, script: 30000}, unhandledPromptBehavior: accept, webauthn:extension:credBlob: true, webauthn:extension:largeBlob: true, webauthn:virtualAuthenticators: true}\nselenide.baseUrl: https://bauerocp--staging.sandbox.my.salesforce.com/\nSession ID: 585afff93989bcb03bbca4f2913be9f2\n\tat java.base/jdk.internal.reflect.NativeConstructorAccessorImpl.newInstance0(Native Method)\n\tat java.base/jdk.internal.reflect.NativeConstructorAccessorImpl.newInstance(NativeConstructorAccessorImpl.java:62)\n\tat java.base/jdk.internal.reflect.DelegatingConstructorAccessorImpl.newInstance(DelegatingConstructorAccessorImpl.java:45)\n\tat java.base/java.lang.reflect.Constructor.newInstance(Constructor.java:490)\n\tat org.openqa.selenium.remote.codec.w3c.W3CHttpResponseCodec.createException(W3CHttpResponseCodec.java:200)\n\tat org.openqa.selenium.remote.codec.w3c.W3CHttpResponseCodec.decode(W3CHttpResponseCodec.java:133)\n\tat org.openqa.selenium.remote.codec.w3c.W3CHttpResponseCodec.decode(W3CHttpResponseCodec.java:53)\n\tat org.openqa.selenium.remote.HttpCommandExecutor.execute(HttpCommandExecutor.java:184)\n\tat org.openqa.selenium.remote.service.DriverCommandExecutor.invokeExecute(DriverCommandExecutor.java:167)\n\tat org.openqa.selenium.remote.service.DriverCommandExecutor.execute(DriverCommandExecutor.java:142)\n\tat org.openqa.selenium.remote.RemoteWebDriver.execute(RemoteWebDriver.java:541)\n\tat org.openqa.selenium.remote.RemoteWebDriver.get(RemoteWebDriver.java:310)\n\tat org.openqa.selenium.remote.RemoteWebDriver$RemoteNavigation.to(RemoteWebDriver.java:981)\n\tat com.codeborne.selenide.drivercommands.Navigator.lambda$navigateTo$0(Navigator.java:74)\n\tat com.codeborne.selenide.logevents.SelenideLogger.run(SelenideLogger.java:153)\n\tat com.codeborne.selenide.drivercommands.Navigator.navigateTo(Navigator.java:70)\n\tat com.codeborne.selenide.drivercommands.Navigator.open(Navigator.java:32)\n\tat com.codeborne.selenide.SelenideDriver.open(SelenideDriver.java:101)\n\tat com.codeborne.selenide.Selenide.open(Selenide.java:52)\n\tat com.itechart.pages.AciertoPage.open(AciertoPage.java:39)\n\tat com.itechart.pages.AciertoPage.setPersonRecord(AciertoPage.java:135)\n\tat com.itechart.tests.AciertoTest.aciertoTestCreditAndorraLifeVidaValidation(AciertoTest.java:142)\n\tat java.base/jdk.internal.reflect.NativeMethodAccessorImpl.invoke0(Native Method)\n\tat java.base/jdk.internal.reflect.NativeMethodAccessorImpl.invoke(NativeMethodAccessorImpl.java:62)\n\tat java.base/jdk.internal.reflect.DelegatingMethodAccessorImpl.invoke(DelegatingMethodAccessorImpl.java:43)\n\tat java.base/java.lang.reflect.Method.invoke(Method.java:566)\n\tat org.testng.internal.invokers.MethodInvocationHelper.invokeMethod(MethodInvocationHelper.java:139)\n\tat org.testng.internal.invokers.TestInvoker.invokeMethod(TestInvoker.java:677)\n\tat org.testng.internal.invokers.TestInvoker.retryFailed(TestInvoker.java:263)\n\tat org.testng.internal.invokers.MethodRunner.runInSequence(MethodRunner.java:62)\n\tat org.testng.internal.invokers.TestInvoker$MethodInvocationAgent.invoke(TestInvoker.java:962)\n\tat org.testng.internal.invokers.TestInvoker.invokeTestMethods(TestInvoker.java:194)\n\tat org.testng.internal.invokers.TestMethodWorker.invokeTestMethods(TestMethodWorker.java:148)\n\tat org.testng.internal.invokers.TestMethodWorker.run(TestMethodWorker.java:128)\n\tat java.base/java.util.ArrayList.forEach(ArrayList.java:1541)\n\tat org.testng.TestRunner.privateRun(TestRunner.java:806)\n\tat org.testng.TestRunner.run(TestRunner.java:601)\n\tat org.testng.SuiteRunner.runTest(SuiteRunner.java:433)\n\tat org.testng.SuiteRunner.runSequentially(SuiteRunner.java:427)\n\tat org.testng.SuiteRunner.privateRun(SuiteRunner.java:387)\n\tat org.testng.SuiteRunner.run(SuiteRunner.java:330)\n\tat org.testng.SuiteRunnerWorker.runSuite(SuiteRunnerWorker.java:52)\n\tat org.testng.SuiteRunnerWorker.run(SuiteRunnerWorker.java:95)\n\tat org.testng.TestNG.runSuitesSequentially(TestNG.java:1256)\n\tat org.testng.TestNG.runSuitesLocally(TestNG.java:1176)\n\tat org.testng.TestNG.runSuites(TestNG.java:1099)\n\tat org.testng.TestNG.run(TestNG.java:1067)\n\tat org.apache.maven.surefire.testng.TestNGExecutor.run(TestNGExecutor.java:324)\n\tat org.apache.maven.surefire.testng.TestNGXmlTestSuite.execute(TestNGXmlTestSuite.java:74)\n\tat org.apache.maven.surefire.testng.TestNGProvider.invoke(TestNGProvider.java:123)\n\tat org.apache.maven.surefire.booter.ForkedBooter.runSuitesInProcess(ForkedBooter.java:456)\n\tat org.apache.maven.surefire.booter.ForkedBooter.execute(ForkedBooter.java:169)\n\tat org.apache.maven.surefire.booter.ForkedBooter.run(ForkedBooter.java:595)\n\tat org.apache.maven.surefire.booter.ForkedBooter.main(ForkedBooter.java:581)\n","flaky":false,"newFailed":false,"newBroken":false,"newPassed":false,"retriesCount":2,"retriesStatusChange":true,"beforeStages":[{"name":"Open browser","time":{"start":1675956119269,"stop":1675956119533,"duration":264},"description":"Open browser","status":"passed","steps":[],"attachments":[],"parameters":[],"stepsCount":0,"attachmentsCount":0,"shouldDisplayMessage":false,"hasContent":false}],"testStage":{"status":"broken","statusMessage":"timeout: Timed out receiving message from renderer: -0.002\n  (Session info: headless chrome=109.0.5414.119)\nBuild info: version: '4.6.0', revision: '79f1c02ae20'\nSystem info: os.name: 'Linux', os.arch: 'amd64', os.version: '5.15.0-1031-azure', java.version: '11.0.18'\nDriver info: org.openqa.selenium.chrome.ChromeDriver\nCommand: [585afff93989bcb03bbca4f2913be9f2, get {url=https://stg.acierto.com/seguros-vida/comparador/}]\nselenide.url: https://stg.acierto.com/seguros-vida/comparador/\nCapabilities {acceptInsecureCerts: true, browserName: chrome, browserVersion: 109.0.5414.119, chrome: {chromedriverVersion: 109.0.5414.74 (e7c5703604da..., userDataDir: /tmp/.com.google.Chrome.BVt72K}, goog:chromeOptions: {debuggerAddress: localhost:43515}, networkConnectionEnabled: false, pageLoadStrategy: normal, platformName: LINUX, proxy: Proxy(), se:cdp: ws://localhost:43515/devtoo..., se:cdpVersion: 109.0.5414.119, setWindowRect: true, strictFileInteractability: false, timeouts: {implicit: 0, pageLoad: 300000, script: 30000}, unhandledPromptBehavior: accept, webauthn:extension:credBlob: true, webauthn:extension:largeBlob: true, webauthn:virtualAuthenticators: true}\nselenide.baseUrl: https://bauerocp--staging.sandbox.my.salesforce.com/\nSession ID: 585afff93989bcb03bbca4f2913be9f2","statusTrace":"org.openqa.selenium.TimeoutException: timeout: Timed out receiving message from renderer: -0.002\n  (Session info: headless chrome=109.0.5414.119)\nBuild info: version: '4.6.0', revision: '79f1c02ae20'\nSystem info: os.name: 'Linux', os.arch: 'amd64', os.version: '5.15.0-1031-azure', java.version: '11.0.18'\nDriver info: org.openqa.selenium.chrome.ChromeDriver\nCommand: [585afff93989bcb03bbca4f2913be9f2, get {url=https://stg.acierto.com/seguros-vida/comparador/}]\nselenide.url: https://stg.acierto.com/seguros-vida/comparador/\nCapabilities {acceptInsecureCerts: true, browserName: chrome, browserVersion: 109.0.5414.119, chrome: {chromedriverVersion: 109.0.5414.74 (e7c5703604da..., userDataDir: /tmp/.com.google.Chrome.BVt72K}, goog:chromeOptions: {debuggerAddress: localhost:43515}, networkConnectionEnabled: false, pageLoadStrategy: normal, platformName: LINUX, proxy: Proxy(), se:cdp: ws://localhost:43515/devtoo..., se:cdpVersion: 109.0.5414.119, setWindowRect: true, strictFileInteractability: false, timeouts: {implicit: 0, pageLoad: 300000, script: 30000}, unhandledPromptBehavior: accept, webauthn:extension:credBlob: true, webauthn:extension:largeBlob: true, webauthn:virtualAuthenticators: true}\nselenide.baseUrl: https://bauerocp--staging.sandbox.my.salesforce.com/\nSession ID: 585afff93989bcb03bbca4f2913be9f2\n\tat java.base/jdk.internal.reflect.NativeConstructorAccessorImpl.newInstance0(Native Method)\n\tat java.base/jdk.internal.reflect.NativeConstructorAccessorImpl.newInstance(NativeConstructorAccessorImpl.java:62)\n\tat java.base/jdk.internal.reflect.DelegatingConstructorAccessorImpl.newInstance(DelegatingConstructorAccessorImpl.java:45)\n\tat java.base/java.lang.reflect.Constructor.newInstance(Constructor.java:490)\n\tat org.openqa.selenium.remote.codec.w3c.W3CHttpResponseCodec.createException(W3CHttpResponseCodec.java:200)\n\tat org.openqa.selenium.remote.codec.w3c.W3CHttpResponseCodec.decode(W3CHttpResponseCodec.java:133)\n\tat org.openqa.selenium.remote.codec.w3c.W3CHttpResponseCodec.decode(W3CHttpResponseCodec.java:53)\n\tat org.openqa.selenium.remote.HttpCommandExecutor.execute(HttpCommandExecutor.java:184)\n\tat org.openqa.selenium.remote.service.DriverCommandExecutor.invokeExecute(DriverCommandExecutor.java:167)\n\tat org.openqa.selenium.remote.service.DriverCommandExecutor.execute(DriverCommandExecutor.java:142)\n\tat org.openqa.selenium.remote.RemoteWebDriver.execute(RemoteWebDriver.java:541)\n\tat org.openqa.selenium.remote.RemoteWebDriver.get(RemoteWebDriver.java:310)\n\tat org.openqa.selenium.remote.RemoteWebDriver$RemoteNavigation.to(RemoteWebDriver.java:981)\n\tat com.codeborne.selenide.drivercommands.Navigator.lambda$navigateTo$0(Navigator.java:74)\n\tat com.codeborne.selenide.logevents.SelenideLogger.run(SelenideLogger.java:153)\n\tat com.codeborne.selenide.drivercommands.Navigator.navigateTo(Navigator.java:70)\n\tat com.codeborne.selenide.drivercommands.Navigator.open(Navigator.java:32)\n\tat com.codeborne.selenide.SelenideDriver.open(SelenideDriver.java:101)\n\tat com.codeborne.selenide.Selenide.open(Selenide.java:52)\n\tat com.itechart.pages.AciertoPage.open(AciertoPage.java:39)\n\tat com.itechart.pages.AciertoPage.setPersonRecord(AciertoPage.java:135)\n\tat com.itechart.tests.AciertoTest.aciertoTestCreditAndorraLifeVidaValidation(AciertoTest.java:142)\n\tat java.base/jdk.internal.reflect.NativeMethodAccessorImpl.invoke0(Native Method)\n\tat java.base/jdk.internal.reflect.NativeMethodAccessorImpl.invoke(NativeMethodAccessorImpl.java:62)\n\tat java.base/jdk.internal.reflect.DelegatingMethodAccessorImpl.invoke(DelegatingMethodAccessorImpl.java:43)\n\tat java.base/java.lang.reflect.Method.invoke(Method.java:566)\n\tat org.testng.internal.invokers.MethodInvocationHelper.invokeMethod(MethodInvocationHelper.java:139)\n\tat org.testng.internal.invokers.TestInvoker.invokeMethod(TestInvoker.java:677)\n\tat org.testng.internal.invokers.TestInvoker.retryFailed(TestInvoker.java:263)\n\tat org.testng.internal.invokers.MethodRunner.runInSequence(MethodRunner.java:62)\n\tat org.testng.internal.invokers.TestInvoker$MethodInvocationAgent.invoke(TestInvoker.java:962)\n\tat org.testng.internal.invokers.TestInvoker.invokeTestMethods(TestInvoker.java:194)\n\tat org.testng.internal.invokers.TestMethodWorker.invokeTestMethods(TestMethodWorker.java:148)\n\tat org.testng.internal.invokers.TestMethodWorker.run(TestMethodWorker.java:128)\n\tat java.base/java.util.ArrayList.forEach(ArrayList.java:1541)\n\tat org.testng.TestRunner.privateRun(TestRunner.java:806)\n\tat org.testng.TestRunner.run(TestRunner.java:601)\n\tat org.testng.SuiteRunner.runTest(SuiteRunner.java:433)\n\tat org.testng.SuiteRunner.runSequentially(SuiteRunner.java:427)\n\tat org.testng.SuiteRunner.privateRun(SuiteRunner.java:387)\n\tat org.testng.SuiteRunner.run(SuiteRunner.java:330)\n\tat org.testng.SuiteRunnerWorker.runSuite(SuiteRunnerWorker.java:52)\n\tat org.testng.SuiteRunnerWorker.run(SuiteRunnerWorker.java:95)\n\tat org.testng.TestNG.runSuitesSequentially(TestNG.java:1256)\n\tat org.testng.TestNG.runSuitesLocally(TestNG.java:1176)\n\tat org.testng.TestNG.runSuites(TestNG.java:1099)\n\tat org.testng.TestNG.run(TestNG.java:1067)\n\tat org.apache.maven.surefire.testng.TestNGExecutor.run(TestNGExecutor.java:324)\n\tat org.apache.maven.surefire.testng.TestNGXmlTestSuite.execute(TestNGXmlTestSuite.java:74)\n\tat org.apache.maven.surefire.testng.TestNGProvider.invoke(TestNGProvider.java:123)\n\tat org.apache.maven.surefire.booter.ForkedBooter.runSuitesInProcess(ForkedBooter.java:456)\n\tat org.apache.maven.surefire.booter.ForkedBooter.execute(ForkedBooter.java:169)\n\tat org.apache.maven.surefire.booter.ForkedBooter.run(ForkedBooter.java:595)\n\tat org.apache.maven.surefire.booter.ForkedBooter.main(ForkedBooter.java:581)\n","steps":[{"name":"Setting person's data for creation the record","time":{"start":1675956119547,"stop":1675956149632,"duration":30085},"status":"broken","statusMessage":"timeout: Timed out receiving message from renderer: -0.002\n  (Session info: headless chrome=109.0.5414.119)\nBuild info: version: '4.6.0', revision: '79f1c02ae20'\nSystem info: os.name: 'Linux', os.arch: 'amd64', os.version: '5.15.0-1031-azure', java.version: '11.0.18'\nDriver info: org.openqa.selenium.chrome.ChromeDriver\nCommand: [585afff93989bcb03bbca4f2913be9f2, get {url=https://stg.acierto.com/seguros-vida/comparador/}]\nselenide.url: https://stg.acierto.com/seguros-vida/comparador/\nCapabilities {acceptInsecureCerts: true, browserName: chrome, browserVersion: 109.0.5414.119, chrome: {chromedriverVersion: 109.0.5414.74 (e7c5703604da..., userDataDir: /tmp/.com.google.Chrome.BVt72K}, goog:chromeOptions: {debuggerAddress: localhost:43515}, networkConnectionEnabled: false, pageLoadStrategy: normal, platformName: LINUX, proxy: Proxy(), se:cdp: ws://localhost:43515/devtoo..., se:cdpVersion: 109.0.5414.119, setWindowRect: true, strictFileInteractability: false, timeouts: {implicit: 0, pageLoad: 300000, script: 30000}, unhandledPromptBehavior: accept, webauthn:extension:credBlob: true, webauthn:extension:largeBlob: true, webauthn:virtualAuthenticators: true}\nselenide.baseUrl: https://bauerocp--staging.sandbox.my.salesforce.com/\nSession ID: 585afff93989bcb03bbca4f2913be9f2","statusTrace":"org.openqa.selenium.TimeoutException: timeout: Timed out receiving message from renderer: -0.002\n  (Session info: headless chrome=109.0.5414.119)\nBuild info: version: '4.6.0', revision: '79f1c02ae20'\nSystem info: os.name: 'Linux', os.arch: 'amd64', os.version: '5.15.0-1031-azure', java.version: '11.0.18'\nDriver info: org.openqa.selenium.chrome.ChromeDriver\nCommand: [585afff93989bcb03bbca4f2913be9f2, get {url=https://stg.acierto.com/seguros-vida/comparador/}]\nselenide.url: https://stg.acierto.com/seguros-vida/comparador/\nCapabilities {acceptInsecureCerts: true, browserName: chrome, browserVersion: 109.0.5414.119, chrome: {chromedriverVersion: 109.0.5414.74 (e7c5703604da..., userDataDir: /tmp/.com.google.Chrome.BVt72K}, goog:chromeOptions: {debuggerAddress: localhost:43515}, networkConnectionEnabled: false, pageLoadStrategy: normal, platformName: LINUX, proxy: Proxy(), se:cdp: ws://localhost:43515/devtoo..., se:cdpVersion: 109.0.5414.119, setWindowRect: true, strictFileInteractability: false, timeouts: {implicit: 0, pageLoad: 300000, script: 30000}, unhandledPromptBehavior: accept, webauthn:extension:credBlob: true, webauthn:extension:largeBlob: true, webauthn:virtualAuthenticators: true}\nselenide.baseUrl: https://bauerocp--staging.sandbox.my.salesforce.com/\nSession ID: 585afff93989bcb03bbca4f2913be9f2\n\tat java.base/jdk.internal.reflect.NativeConstructorAccessorImpl.newInstance0(Native Method)\n\tat java.base/jdk.internal.reflect.NativeConstructorAccessorImpl.newInstance(NativeConstructorAccessorImpl.java:62)\n\tat java.base/jdk.internal.reflect.DelegatingConstructorAccessorImpl.newInstance(DelegatingConstructorAccessorImpl.java:45)\n\tat java.base/java.lang.reflect.Constructor.newInstance(Constructor.java:490)\n\tat org.openqa.selenium.remote.codec.w3c.W3CHttpResponseCodec.createException(W3CHttpResponseCodec.java:200)\n\tat org.openqa.selenium.remote.codec.w3c.W3CHttpResponseCodec.decode(W3CHttpResponseCodec.java:133)\n\tat org.openqa.selenium.remote.codec.w3c.W3CHttpResponseCodec.decode(W3CHttpResponseCodec.java:53)\n\tat org.openqa.selenium.remote.HttpCommandExecutor.execute(HttpCommandExecutor.java:184)\n\tat org.openqa.selenium.remote.service.DriverCommandExecutor.invokeExecute(DriverCommandExecutor.java:167)\n\tat org.openqa.selenium.remote.service.DriverCommandExecutor.execute(DriverCommandExecutor.java:142)\n\tat org.openqa.selenium.remote.RemoteWebDriver.execute(RemoteWebDriver.java:541)\n\tat org.openqa.selenium.remote.RemoteWebDriver.get(RemoteWebDriver.java:310)\n\tat org.openqa.selenium.remote.RemoteWebDriver$RemoteNavigation.to(RemoteWebDriver.java:981)\n\tat com.codeborne.selenide.drivercommands.Navigator.lambda$navigateTo$0(Navigator.java:74)\n\tat com.codeborne.selenide.logevents.SelenideLogger.run(SelenideLogger.java:153)\n\tat com.codeborne.selenide.drivercommands.Navigator.navigateTo(Navigator.java:70)\n\tat com.codeborne.selenide.drivercommands.Navigator.open(Navigator.java:32)\n\tat com.codeborne.selenide.SelenideDriver.open(SelenideDriver.java:101)\n\tat com.codeborne.selenide.Selenide.open(Selenide.java:52)\n\tat com.itechart.pages.AciertoPage.open(AciertoPage.java:39)\n\tat com.itechart.pages.AciertoPage.setPersonRecord(AciertoPage.java:135)\n\tat com.itechart.tests.AciertoTest.aciertoTestCreditAndorraLifeVidaValidation(AciertoTest.java:142)\n\tat java.base/jdk.internal.reflect.NativeMethodAccessorImpl.invoke0(Native Method)\n\tat java.base/jdk.internal.reflect.NativeMethodAccessorImpl.invoke(NativeMethodAccessorImpl.java:62)\n\tat java.base/jdk.internal.reflect.DelegatingMethodAccessorImpl.invoke(DelegatingMethodAccessorImpl.java:43)\n\tat java.base/java.lang.reflect.Method.invoke(Method.java:566)\n\tat org.testng.internal.invokers.MethodInvocationHelper.invokeMethod(MethodInvocationHelper.java:139)\n\tat org.testng.internal.invokers.TestInvoker.invokeMethod(TestInvoker.java:677)\n\tat org.testng.internal.invokers.TestInvoker.retryFailed(TestInvoker.java:263)\n\tat org.testng.internal.invokers.MethodRunner.runInSequence(MethodRunner.java:62)\n\tat org.testng.internal.invokers.TestInvoker$MethodInvocationAgent.invoke(TestInvoker.java:962)\n\tat org.testng.internal.invokers.TestInvoker.invokeTestMethods(TestInvoker.java:194)\n\tat org.testng.internal.invokers.TestMethodWorker.invokeTestMethods(TestMethodWorker.java:148)\n\tat org.testng.internal.invokers.TestMethodWorker.run(TestMethodWorker.java:128)\n\tat java.base/java.util.ArrayList.forEach(ArrayList.java:1541)\n\tat org.testng.TestRunner.privateRun(TestRunner.java:806)\n\tat org.testng.TestRunner.run(TestRunner.java:601)\n\tat org.testng.SuiteRunner.runTest(SuiteRunner.java:433)\n\tat org.testng.SuiteRunner.runSequentially(SuiteRunner.java:427)\n\tat org.testng.SuiteRunner.privateRun(SuiteRunner.java:387)\n\tat org.testng.SuiteRunner.run(SuiteRunner.java:330)\n\tat org.testng.SuiteRunnerWorker.runSuite(SuiteRunnerWorker.java:52)\n\tat org.testng.SuiteRunnerWorker.run(SuiteRunnerWorker.java:95)\n\tat org.testng.TestNG.runSuitesSequentially(TestNG.java:1256)\n\tat org.testng.TestNG.runSuitesLocally(TestNG.java:1176)\n\tat org.testng.TestNG.runSuites(TestNG.java:1099)\n\tat org.testng.TestNG.run(TestNG.java:1067)\n\tat org.apache.maven.surefire.testng.TestNGExecutor.run(TestNGExecutor.java:324)\n\tat org.apache.maven.surefire.testng.TestNGXmlTestSuite.execute(TestNGXmlTestSuite.java:74)\n\tat org.apache.maven.surefire.testng.TestNGProvider.invoke(TestNGProvider.java:123)\n\tat org.apache.maven.surefire.booter.ForkedBooter.runSuitesInProcess(ForkedBooter.java:456)\n\tat org.apache.maven.surefire.booter.ForkedBooter.execute(ForkedBooter.java:169)\n\tat org.apache.maven.surefire.booter.ForkedBooter.run(ForkedBooter.java:595)\n\tat org.apache.maven.surefire.booter.ForkedBooter.main(ForkedBooter.java:581)\n","steps":[{"name":"Open Acierto Main Page","time":{"start":1675956119547,"stop":1675956149632,"duration":30085},"status":"broken","statusMessage":"timeout: Timed out receiving message from renderer: -0.002\n  (Session info: headless chrome=109.0.5414.119)\nBuild info: version: '4.6.0', revision: '79f1c02ae20'\nSystem info: os.name: 'Linux', os.arch: 'amd64', os.version: '5.15.0-1031-azure', java.version: '11.0.18'\nDriver info: org.openqa.selenium.chrome.ChromeDriver\nCommand: [585afff93989bcb03bbca4f2913be9f2, get {url=https://stg.acierto.com/seguros-vida/comparador/}]\nselenide.url: https://stg.acierto.com/seguros-vida/comparador/\nCapabilities {acceptInsecureCerts: true, browserName: chrome, browserVersion: 109.0.5414.119, chrome: {chromedriverVersion: 109.0.5414.74 (e7c5703604da..., userDataDir: /tmp/.com.google.Chrome.BVt72K}, goog:chromeOptions: {debuggerAddress: localhost:43515}, networkConnectionEnabled: false, pageLoadStrategy: normal, platformName: LINUX, proxy: Proxy(), se:cdp: ws://localhost:43515/devtoo..., se:cdpVersion: 109.0.5414.119, setWindowRect: true, strictFileInteractability: false, timeouts: {implicit: 0, pageLoad: 300000, script: 30000}, unhandledPromptBehavior: accept, webauthn:extension:credBlob: true, webauthn:extension:largeBlob: true, webauthn:virtualAuthenticators: true}\nselenide.baseUrl: https://bauerocp--staging.sandbox.my.salesforce.com/\nSession ID: 585afff93989bcb03bbca4f2913be9f2","statusTrace":"org.openqa.selenium.TimeoutException: timeout: Timed out receiving message from renderer: -0.002\n  (Session info: headless chrome=109.0.5414.119)\nBuild info: version: '4.6.0', revision: '79f1c02ae20'\nSystem info: os.name: 'Linux', os.arch: 'amd64', os.version: '5.15.0-1031-azure', java.version: '11.0.18'\nDriver info: org.openqa.selenium.chrome.ChromeDriver\nCommand: [585afff93989bcb03bbca4f2913be9f2, get {url=https://stg.acierto.com/seguros-vida/comparador/}]\nselenide.url: https://stg.acierto.com/seguros-vida/comparador/\nCapabilities {acceptInsecureCerts: true, browserName: chrome, browserVersion: 109.0.5414.119, chrome: {chromedriverVersion: 109.0.5414.74 (e7c5703604da..., userDataDir: /tmp/.com.google.Chrome.BVt72K}, goog:chromeOptions: {debuggerAddress: localhost:43515}, networkConnectionEnabled: false, pageLoadStrategy: normal, platformName: LINUX, proxy: Proxy(), se:cdp: ws://localhost:43515/devtoo..., se:cdpVersion: 109.0.5414.119, setWindowRect: true, strictFileInteractability: false, timeouts: {implicit: 0, pageLoad: 300000, script: 30000}, unhandledPromptBehavior: accept, webauthn:extension:credBlob: true, webauthn:extension:largeBlob: true, webauthn:virtualAuthenticators: true}\nselenide.baseUrl: https://bauerocp--staging.sandbox.my.salesforce.com/\nSession ID: 585afff93989bcb03bbca4f2913be9f2\n\tat java.base/jdk.internal.reflect.NativeConstructorAccessorImpl.newInstance0(Native Method)\n\tat java.base/jdk.internal.reflect.NativeConstructorAccessorImpl.newInstance(NativeConstructorAccessorImpl.java:62)\n\tat java.base/jdk.internal.reflect.DelegatingConstructorAccessorImpl.newInstance(DelegatingConstructorAccessorImpl.java:45)\n\tat java.base/java.lang.reflect.Constructor.newInstance(Constructor.java:490)\n\tat org.openqa.selenium.remote.codec.w3c.W3CHttpResponseCodec.createException(W3CHttpResponseCodec.java:200)\n\tat org.openqa.selenium.remote.codec.w3c.W3CHttpResponseCodec.decode(W3CHttpResponseCodec.java:133)\n\tat org.openqa.selenium.remote.codec.w3c.W3CHttpResponseCodec.decode(W3CHttpResponseCodec.java:53)\n\tat org.openqa.selenium.remote.HttpCommandExecutor.execute(HttpCommandExecutor.java:184)\n\tat org.openqa.selenium.remote.service.DriverCommandExecutor.invokeExecute(DriverCommandExecutor.java:167)\n\tat org.openqa.selenium.remote.service.DriverCommandExecutor.execute(DriverCommandExecutor.java:142)\n\tat org.openqa.selenium.remote.RemoteWebDriver.execute(RemoteWebDriver.java:541)\n\tat org.openqa.selenium.remote.RemoteWebDriver.get(RemoteWebDriver.java:310)\n\tat org.openqa.selenium.remote.RemoteWebDriver$RemoteNavigation.to(RemoteWebDriver.java:981)\n\tat com.codeborne.selenide.drivercommands.Navigator.lambda$navigateTo$0(Navigator.java:74)\n\tat com.codeborne.selenide.logevents.SelenideLogger.run(SelenideLogger.java:153)\n\tat com.codeborne.selenide.drivercommands.Navigator.navigateTo(Navigator.java:70)\n\tat com.codeborne.selenide.drivercommands.Navigator.open(Navigator.java:32)\n\tat com.codeborne.selenide.SelenideDriver.open(SelenideDriver.java:101)\n\tat com.codeborne.selenide.Selenide.open(Selenide.java:52)\n\tat com.itechart.pages.AciertoPage.open(AciertoPage.java:39)\n\tat com.itechart.pages.AciertoPage.setPersonRecord(AciertoPage.java:135)\n\tat com.itechart.tests.AciertoTest.aciertoTestCreditAndorraLifeVidaValidation(AciertoTest.java:142)\n\tat java.base/jdk.internal.reflect.NativeMethodAccessorImpl.invoke0(Native Method)\n\tat java.base/jdk.internal.reflect.NativeMethodAccessorImpl.invoke(NativeMethodAccessorImpl.java:62)\n\tat java.base/jdk.internal.reflect.DelegatingMethodAccessorImpl.invoke(DelegatingMethodAccessorImpl.java:43)\n\tat java.base/java.lang.reflect.Method.invoke(Method.java:566)\n\tat org.testng.internal.invokers.MethodInvocationHelper.invokeMethod(MethodInvocationHelper.java:139)\n\tat org.testng.internal.invokers.TestInvoker.invokeMethod(TestInvoker.java:677)\n\tat org.testng.internal.invokers.TestInvoker.retryFailed(TestInvoker.java:263)\n\tat org.testng.internal.invokers.MethodRunner.runInSequence(MethodRunner.java:62)\n\tat org.testng.internal.invokers.TestInvoker$MethodInvocationAgent.invoke(TestInvoker.java:962)\n\tat org.testng.internal.invokers.TestInvoker.invokeTestMethods(TestInvoker.java:194)\n\tat org.testng.internal.invokers.TestMethodWorker.invokeTestMethods(TestMethodWorker.java:148)\n\tat org.testng.internal.invokers.TestMethodWorker.run(TestMethodWorker.java:128)\n\tat java.base/java.util.ArrayList.forEach(ArrayList.java:1541)\n\tat org.testng.TestRunner.privateRun(TestRunner.java:806)\n\tat org.testng.TestRunner.run(TestRunner.java:601)\n\tat org.testng.SuiteRunner.runTest(SuiteRunner.java:433)\n\tat org.testng.SuiteRunner.runSequentially(SuiteRunner.java:427)\n\tat org.testng.SuiteRunner.privateRun(SuiteRunner.java:387)\n\tat org.testng.SuiteRunner.run(SuiteRunner.java:330)\n\tat org.testng.SuiteRunnerWorker.runSuite(SuiteRunnerWorker.java:52)\n\tat org.testng.SuiteRunnerWorker.run(SuiteRunnerWorker.java:95)\n\tat org.testng.TestNG.runSuitesSequentially(TestNG.java:1256)\n\tat org.testng.TestNG.runSuitesLocally(TestNG.java:1176)\n\tat org.testng.TestNG.runSuites(TestNG.java:1099)\n\tat org.testng.TestNG.run(TestNG.java:1067)\n\tat org.apache.maven.surefire.testng.TestNGExecutor.run(TestNGExecutor.java:324)\n\tat org.apache.maven.surefire.testng.TestNGXmlTestSuite.execute(TestNGXmlTestSuite.java:74)\n\tat org.apache.maven.surefire.testng.TestNGProvider.invoke(TestNGProvider.java:123)\n\tat org.apache.maven.surefire.booter.ForkedBooter.runSuitesInProcess(ForkedBooter.java:456)\n\tat org.apache.maven.surefire.booter.ForkedBooter.execute(ForkedBooter.java:169)\n\tat org.apache.maven.surefire.booter.ForkedBooter.run(ForkedBooter.java:595)\n\tat org.apache.maven.surefire.booter.ForkedBooter.main(ForkedBooter.java:581)\n","steps":[],"attachments":[{"uid":"dd5535b87b9725ff","name":"Screenshot","source":"dd5535b87b9725ff.png","type":"image/png","size":5875}],"parameters":[],"stepsCount":0,"attachmentsCount":1,"shouldDisplayMessage":true,"hasContent":true}],"attachments":[],"parameters":[{"name":"amount","value":"90.000€"},{"name":"period","value":"Anual"},{"name":"personalData","value":"Fecha de nacimiento"},{"name":"dateOfBirth","value":"11/10/1967"},{"name":"gender","value":"Hombre"},{"name":"zipcode","value":"28012"},{"name":"email","value":"fae.doyle@gmail.com"},{"name":"phone","value":"928775627"}],"stepsCount":1,"attachmentsCount":1,"shouldDisplayMessage":false,"hasContent":true}],"attachments":[],"parameters":[],"stepsCount":2,"attachmentsCount":1,"shouldDisplayMessage":false,"hasContent":true},"afterStages":[{"name":"Close browser","time":{"start":1675956149715,"stop":1675956149782,"duration":67},"description":"Close browser","status":"passed","steps":[],"attachments":[],"parameters":[],"stepsCount":0,"attachmentsCount":0,"shouldDisplayMessage":false,"hasContent":false}],"labels":[{"name":"package","value":"com.itechart.tests.AciertoTest"},{"name":"testClass","value":"com.itechart.tests.AciertoTest"},{"name":"testMethod","value":"aciertoTestCreditAndorraLifeVidaValidation"},{"name":"parentSuite","value":"Build Verification Test"},{"name":"suite","value":"Validate the standard test case creation"},{"name":"subSuite","value":"com.itechart.tests.AciertoTest"},{"name":"host","value":"fv-az487-439"},{"name":"thread","value":"2316@fv-az487-439.main(1)"},{"name":"framework","value":"testng"},{"name":"language","value":"java"},{"name":"resultFormat","value":"allure2"}],"parameters":[],"links":[],"hidden":false,"retry":false,"extra":{"severity":"normal","retries":[{"uid":"9a4fb088c7252bd1","status":"skipped","statusDetails":"timeout: Timed out receiving message from renderer: -0.002\n  (Session info: headless chrome=109.0.5414.119)\nBuild info: version: '4.6.0', revision: '79f1c02ae20'\nSystem info: os.name: 'Linux', os.arch: 'amd64', os.version: '5.15.0-1031-azure', java.version: '11.0.18'\nDriver info: org.openqa.selenium.chrome.ChromeDriver\nCommand: [4a539a6588c9f469084760b04089455d, get {url=https://stg.acierto.com/seguros-vida/comparador/}]\nselenide.url: https://stg.acierto.com/seguros-vida/comparador/\nCapabilities {acceptInsecureCerts: true, browserName: chrome, browserVersion: 109.0.5414.119, chrome: {chromedriverVersion: 109.0.5414.74 (e7c5703604da..., userDataDir: /tmp/.com.google.Chrome.RnKdHe}, goog:chromeOptions: {debuggerAddress: localhost:36527}, networkConnectionEnabled: false, pageLoadStrategy: normal, platformName: LINUX, proxy: Proxy(), se:cdp: ws://localhost:36527/devtoo..., se:cdpVersion: 109.0.5414.119, setWindowRect: true, strictFileInteractability: false, timeouts: {implicit: 0, pageLoad: 300000, script: 30000}, unhandledPromptBehavior: accept, webauthn:extension:credBlob: true, webauthn:extension:largeBlob: true, webauthn:virtualAuthenticators: true}\nselenide.baseUrl: https://bauerocp--staging.sandbox.my.salesforce.com/\nSession ID: 4a539a6588c9f469084760b04089455d","time":{"start":1675956088943,"stop":1675956119085,"duration":30142}},{"uid":"472530678064271a","status":"skipped","statusDetails":"timeout: Timed out receiving message from renderer: -0.002\n  (Session info: headless chrome=109.0.5414.119)\nBuild info: version: '4.6.0', revision: '79f1c02ae20'\nSystem info: os.name: 'Linux', os.arch: 'amd64', os.version: '5.15.0-1031-azure', java.version: '11.0.18'\nDriver info: org.openqa.selenium.chrome.ChromeDriver\nCommand: [f6b7368677dc288756c765cd10c04a94, get {url=https://stg.acierto.com/seguros-vida/comparador/}]\nselenide.url: https://stg.acierto.com/seguros-vida/comparador/\nCapabilities {acceptInsecureCerts: true, browserName: chrome, browserVersion: 109.0.5414.119, chrome: {chromedriverVersion: 109.0.5414.74 (e7c5703604da..., userDataDir: /tmp/.com.google.Chrome.hPBr4l}, goog:chromeOptions: {debuggerAddress: localhost:39839}, networkConnectionEnabled: false, pageLoadStrategy: normal, platformName: LINUX, proxy: Proxy(), se:cdp: ws://localhost:39839/devtoo..., se:cdpVersion: 109.0.5414.119, setWindowRect: true, strictFileInteractability: false, timeouts: {implicit: 0, pageLoad: 300000, script: 30000}, unhandledPromptBehavior: accept, webauthn:extension:credBlob: true, webauthn:extension:largeBlob: true, webauthn:virtualAuthenticators: true}\nselenide.baseUrl: https://bauerocp--staging.sandbox.my.salesforce.com/\nSession ID: f6b7368677dc288756c765cd10c04a94","time":{"start":1675956058406,"stop":1675956088518,"duration":30112}}],"categories":[{"name":"Test defects","matchedStatuses":[],"flaky":false}],"history":{"statistic":{"failed":0,"broken":3,"skipped":0,"passed":0,"unknown":0,"total":3},"items":[{"uid":"47a4f6a4096f2283","reportUrl":"https://6870064.github.io/AciertoTests/82//#testresult/47a4f6a4096f2283","status":"broken","statusDetails":"timeout: Timed out receiving message from renderer: 29.111\n  (Session info: headless chrome=109.0.5414.119)\nBuild info: version: '4.6.0', revision: '79f1c02ae20'\nSystem info: os.name: 'Linux', os.arch: 'amd64', os.version: '5.15.0-1031-azure', java.version: '11.0.18'\nDriver info: org.openqa.selenium.chrome.ChromeDriver\nCommand: [975cef5c5f4551ea8362304655beff5d, get {url=https://stg.acierto.com/seguros-vida/comparador/}]\nselenide.url: https://stg.acierto.com/seguros-vida/comparador/\nCapabilities {acceptInsecureCerts: true, browserName: chrome, browserVersion: 109.0.5414.119, chrome: {chromedriverVersion: 109.0.5414.74 (e7c5703604da..., userDataDir: /tmp/.com.google.Chrome.lIYDrw}, goog:chromeOptions: {debuggerAddress: localhost:35341}, networkConnectionEnabled: false, pageLoadStrategy: normal, platformName: LINUX, proxy: Proxy(), se:cdp: ws://localhost:35341/devtoo..., se:cdpVersion: 109.0.5414.119, setWindowRect: true, strictFileInteractability: false, timeouts: {implicit: 0, pageLoad: 300000, script: 30000}, unhandledPromptBehavior: accept, webauthn:extension:credBlob: true, webauthn:extension:largeBlob: true, webauthn:virtualAuthenticators: true}\nselenide.baseUrl: https://bauerocp--staging.sandbox.my.salesforce.com/\nSession ID: 975cef5c5f4551ea8362304655beff5d","time":{"start":1675882583925,"stop":1675882614069,"duration":30144}},{"uid":"1f650aa0433ca50c","reportUrl":"https://6870064.github.io/AciertoTests/81//#testresult/1f650aa0433ca50c","status":"broken","statusDetails":"timeout: Timed out receiving message from renderer: 29.316\n  (Session info: headless chrome=109.0.5414.119)\nBuild info: version: '4.6.0', revision: '79f1c02ae20'\nSystem info: os.name: 'Linux', os.arch: 'amd64', os.version: '5.15.0-1031-azure', java.version: '11.0.18'\nDriver info: org.openqa.selenium.chrome.ChromeDriver\nCommand: [30415fb0f3e261cbc29115080e113607, get {url=https://stg.acierto.com/seguros-vida/comparador/}]\nselenide.url: https://stg.acierto.com/seguros-vida/comparador/\nCapabilities {acceptInsecureCerts: true, browserName: chrome, browserVersion: 109.0.5414.119, chrome: {chromedriverVersion: 109.0.5414.74 (e7c5703604da..., userDataDir: /tmp/.com.google.Chrome.6VgawZ}, goog:chromeOptions: {debuggerAddress: localhost:41509}, networkConnectionEnabled: false, pageLoadStrategy: normal, platformName: LINUX, proxy: Proxy(), se:cdp: ws://localhost:41509/devtoo..., se:cdpVersion: 109.0.5414.119, setWindowRect: true, strictFileInteractability: false, timeouts: {implicit: 0, pageLoad: 300000, script: 30000}, unhandledPromptBehavior: accept, webauthn:extension:credBlob: true, webauthn:extension:largeBlob: true, webauthn:virtualAuthenticators: true}\nselenide.baseUrl: https://bauerocp--staging.sandbox.my.salesforce.com/\nSession ID: 30415fb0f3e261cbc29115080e113607","time":{"start":1675881230400,"stop":1675881260509,"duration":30109}}]},"tags":[]},"source":"23467961361bbc35.json","parameterValues":[]}